<?xml version="1.0" encoding="UTF-8"?>
<!-- Generated by org.testng.reporters.JUnitReportReporter -->
<testsuite hostname="ionut-ThinkCentre-Edge72" name="elefant.testfe.TestBase" tests="1" failures="0" timestamp="25 Apr 2018 13:34:04 GMT" time="0.652" errors="0">
  <testcase name="tearDown" time="0.652" classname="elefant.testfe.TestBase"/>
</testsuite> <!-- elefant.testfe.TestBase -->
